Unity Editor version:    2022.3.8f1 (b5eafc012955)
Branch:                  2022.3/staging
Build type:              Release
Batch mode:              YES
macOS version:           Version 13.3.1 (a) (Build 22E772610a)
Darwin version:          22.4.0
Architecture:            arm64
Running under Rosetta:   NO
Available memory:        16384 MB
Using pre-set license
Pro License: YES

COMMAND LINE ARGUMENTS:
/Users/hirosesoma/Downloads/100program_unity/2022.3.8f1/Unity.app/Contents/MacOS/Unity
-adb2
-batchMode
-noUpm
-name
AssetImportWorker1
-projectPath
/Users/hirosesoma/Documents/GitHub/100program_cluster/100program_cluster
-logFile
Logs/AssetImportWorker1.log
-srvPort
55567
Successfully changed project path to: /Users/hirosesoma/Documents/GitHub/100program_cluster/100program_cluster
/Users/hirosesoma/Documents/GitHub/100program_cluster/100program_cluster
[UnityMemory] Configuration Parameters - Can be set up in boot.config
    "memorysetup-bucket-allocator-granularity=16"
    "memorysetup-bucket-allocator-bucket-count=8"
    "memorysetup-bucket-allocator-block-size=33554432"
    "memorysetup-bucket-allocator-block-count=8"
    "memorysetup-main-allocator-block-size=16777216"
    "memorysetup-thread-allocator-block-size=16777216"
    "memorysetup-gfx-main-allocator-block-size=16777216"
    "memorysetup-gfx-thread-allocator-block-size=16777216"
    "memorysetup-cache-allocator-block-size=4194304"
    "memorysetup-typetree-allocator-block-size=2097152"
    "memorysetup-profiler-bucket-allocator-granularity=16"
    "memorysetup-profiler-bucket-allocator-bucket-count=8"
    "memorysetup-profiler-bucket-allocator-block-size=33554432"
    "memorysetup-profiler-bucket-allocator-block-count=8"
    "memorysetup-profiler-allocator-block-size=16777216"
    "memorysetup-profiler-editor-allocator-block-size=1048576"
    "memorysetup-temp-allocator-size-main=16777216"
    "memorysetup-job-temp-allocator-block-size=2097152"
    "memorysetup-job-temp-allocator-block-size-background=1048576"
    "memorysetup-job-temp-allocator-reduction-small-platforms=262144"
    "memorysetup-allocator-temp-initial-block-size-main=262144"
    "memorysetup-allocator-temp-initial-block-size-worker=262144"
    "memorysetup-temp-allocator-size-background-worker=32768"
    "memorysetup-temp-allocator-size-job-worker=262144"
    "memorysetup-temp-allocator-size-preload-manager=33554432"
    "memorysetup-temp-allocator-size-nav-mesh-worker=65536"
    "memorysetup-temp-allocator-size-audio-worker=65536"
    "memorysetup-temp-allocator-size-cloud-worker=32768"
    "memorysetup-temp-allocator-size-gi-baking-worker=262144"
    "memorysetup-temp-allocator-size-gfx=262144"
Player connection [8612911936] Host "[IP] 192.168.11.4 [Port] 0 [Flags] 2 [Guid] 3159612289 [EditorId] 3159612289 [Version] 1048832 [Id] OSXEditor(0,hirosesatsushinnoMacBook-Air.local) [Debug] 1 [PackageName] OSXEditor [ProjectName] Editor" joined multi-casting on [225.0.0.222:54997]...

Player connection [8612911936] Host "[IP] 192.168.11.4 [Port] 0 [Flags] 2 [Guid] 3159612289 [EditorId] 3159612289 [Version] 1048832 [Id] OSXEditor(0,hirosesatsushinnoMacBook-Air.local) [Debug] 1 [PackageName] OSXEditor [ProjectName] Editor" joined alternative multi-casting on [225.0.0.222:34997]...

[Physics::Module] Initialized MultithreadedJobDispatcher with 7 workers.
Refreshing native plugins compatible for Editor in 14.60 ms, found 2 plugins.
Preloading 0 native plugins for Editor in 0.00 ms.
Initialize engine version: 2022.3.8f1 (b5eafc012955)
[Subsystems] Discovering subsystems at path /Users/hirosesoma/Downloads/100program_unity/2022.3.8f1/Unity.app/Contents/Resources/UnitySubsystems
[Subsystems] Discovering subsystems at path /Users/hirosesoma/Documents/GitHub/100program_cluster/100program_cluster/Assets
GfxDevice: creating device client; threaded=0; jobified=0
 preferred device: Apple M1 (high power)
Metal devices available: 1
0: Apple M1 (high power)
Using device Apple M1 (high power)
Initializing Metal device caps: Apple M1
Initialize mono
Mono path[0] = '/Users/hirosesoma/Downloads/100program_unity/2022.3.8f1/Unity.app/Contents/Managed'
Mono path[1] = '/Users/hirosesoma/Downloads/100program_unity/2022.3.8f1/Unity.app/Contents/MonoBleedingEdge/lib/mono/unityjit-macos'
Mono config path = '/Users/hirosesoma/Downloads/100program_unity/2022.3.8f1/Unity.app/Contents/MonoBleedingEdge/etc'
Using monoOptions --debugger-agent=transport=dt_socket,embedding=1,server=y,suspend=n,address=127.0.0.1:56296
Begin MonoManager ReloadAssembly
Registering precompiled unity dll's ...
Register platform support module: /Users/hirosesoma/Downloads/100program_unity/2022.3.8f1/Unity.app/Contents/PlaybackEngines/MacStandaloneSupport/UnityEditor.OSXStandalone.Extensions.dll
Register platform support module: /Users/hirosesoma/Downloads/100program_unity/2022.3.8f1/PlaybackEngines/AndroidPlayer/UnityEditor.Android.Extensions.dll
Register platform support module: /Users/hirosesoma/Downloads/100program_unity/2022.3.8f1/PlaybackEngines/iOSSupport/UnityEditor.iOS.Extensions.dll
Register platform support module: /Users/hirosesoma/Downloads/100program_unity/2022.3.8f1/PlaybackEngines/WindowsStandaloneSupport/UnityEditor.WindowsStandalone.Extensions.dll
Registered in 0.011262 seconds.
- Loaded All Assemblies, in  0.490 seconds
Native extension for WindowsStandalone target not found
[usbmuxd] Start listen thread
[usbmuxd] Listen thread started
[usbmuxd] Send listen message
Native extension for iOS target not found
Native extension for Android target not found
Unable to list connected devices. 
* daemon not running; starting now at tcp:5037
ADB server didn't ACK
Full server startup log: /var/folders/rs/m71nvnmd4cb9kywp94cnjz340000gn/T//adb.501.log
Server had pid: 35301
--- adb starting (pid 35301) ---
adb I 09-11 00:23:41 35300 13356029 main.cpp:63] Android Debug Bridge version 1.0.41
adb I 09-11 00:23:41 35300 13356029 main.cpp:63] Version 32.0.0-8006631
adb I 09-11 00:23:41 35300 13356029 main.cpp:63] Installed as /Users/hirosesoma/Downloads/100program_unity/2022.3.8f1/PlaybackEngines/AndroidPlayer/SDK/platform-tools/adb
adb I 09-11 00:23:41 35300 13356029 main.cpp:63] 
adb I 09-11 00:23:41 35301 13356030 main.cpp:63] Android Debug Bridge version 1.0.41
adb I 09-11 00:23:41 35301 13356030 main.cpp:63] Version 32.0.0-8006631
adb I 09-11 00:23:41 35301 13356030 main.cpp:63] Installed as /Users/hirosesoma/Downloads/100program_unity/2022.3.8f1/PlaybackEngines/AndroidPlayer/SDK/platform-tools/adb
adb I 09-11 00:23:41 35301 13356030 main.cpp:63] 
adb I 09-11 00:23:41 35300 13356029 auth.cpp:417] adb_auth_init...
adb I 09-11 00:23:41 35300 13356029 auth.cpp:152] loaded new key from '/Users/hirosesoma/.android/adbkey' with fingerprint EC89ACD4D161A76A0650EA714A71ECAAED71B193B93538AEEB6CB3621C72F456
adb F 09-11 00:23:42 35301 13356030 main.cpp:167] could not install *smartsocket* listener: Address already in use

* failed to start daemon
adb: failed to check server version: cannot connect to daemon

UnityEditor.Android.CommandInvokationFailure: Unable to list connected devices. 
/Users/hirosesoma/Downloads/100program_unity/2022.3.8f1/PlaybackEngines/AndroidPlayer/SDK/platform-tools/adb devices

Environment Variables:
LAUNCH_DARKLY_CLIENT_TOKEN_STAGING = 60a7e30fafc7e60e33446282
XPC_SERVICE_NAME = application.com.unity3d.unityhub.52244368.52245147
WOOTRIC_CLIENT_TOKEN = NPS-aa8be4c3
XPC_FLAGS = 0x0
DEBUG_ENV_VAR = UnityHub
HEAP_CLIENT_TOKEN_STAGING = 3786794399
MallocNanoZone = 0
ORIGINAL_XDG_CURRENT_DESKTOP = undefined
SHELL = /bin/zsh
SSH_AUTH_SOCK = /private/tmp/com.apple.launchd.mzfHNdzGC8/Listeners
PATH = /usr/bin:/bin:/usr/sbin:/sbin
__CFBundleIdentifier = com.unity3d.unityhub
AMPLITUDE_API_KEY_STAGING = 83ee04fccc67e4fcc7dd527c4c6f1e21
AMPLITUDE_API_KEY = 28f3cae0b33b8b3702120c9ed1a935aa
HOME = /Users/hirosesoma
USER = hirosesoma
LAUNCH_DARKLY_CLIENT_TOKEN = 60a7e30fafc7e60e33446283
__CF_USER_TEXT_ENCODING = 0x1F5:0x1:0xE
HEAP_CLIENT_TOKEN = 1717415662
TMPDIR = /var/folders/rs/m71nvnmd4cb9kywp94cnjz340000gn/T/
LOGNAME = hirosesoma
SENTRY_ACCESS_TOKEN = 3df78d9e53f8456aa90fbae044ce1a6261421ab1d0014674bc2e933477289017
JAVA_TOOL_OPTIONS = -Dfile.encoding=UTF-8
COMMAND_MODE = unix2003


stderr[
* daemon not running; starting now at tcp:5037
ADB server didn't ACK
Full server startup log: /var/folders/rs/m71nvnmd4cb9kywp94cnjz340000gn/T//adb.501.log
Server had pid: 35301
--- adb starting (pid 35301) ---
adb I 09-11 00:23:41 35300 13356029 main.cpp:63] Android Debug Bridge version 1.0.41
adb I 09-11 00:23:41 35300 13356029 main.cpp:63] Version 32.0.0-8006631
adb I 09-11 00:23:41 35300 13356029 main.cpp:63] Installed as /Users/hirosesoma/Downloads/100program_unity/2022.3.8f1/PlaybackEngines/AndroidPlayer/SDK/platform-tools/adb
adb I 09-11 00:23:41 35300 13356029 main.cpp:63] 
adb I 09-11 00:23:41 35301 13356030 main.cpp:63] Android Debug Bridge version 1.0.41
adb I 09-11 00:23:41 35301 13356030 main.cpp:63] Version 32.0.0-8006631
adb I 09-11 00:23:41 35301 13356030 main.cpp:63] Installed as /Users/hirosesoma/Downloads/100program_unity/2022.3.8f1/PlaybackEngines/AndroidPlayer/SDK/platform-tools/adb
adb I 09-11 00:23:41 35301 13356030 main.cpp:63] 
adb I 09-11 00:23:41 35300 13356029 auth.cpp:417] adb_auth_init...
adb I 09-11 00:23:41 35300 13356029 auth.cpp:152] loaded new key from '/Users/hirosesoma/.android/adbkey' with fingerprint EC89ACD4D161A76A0650EA714A71ECAAED71B193B93538AEEB6CB3621C72F456
adb F 09-11 00:23:42 35301 13356030 main.cpp:167] could not install *smartsocket* listener: Address already in use

* failed to start daemon
adb: failed to check server version: cannot connect to daemon
]
stdout[

]
exit code: 1
  at UnityEditor.Android.Command.WaitForProgramToRun (UnityEditor.Utils.Program p, UnityEditor.Android.Command+WaitingForProcessToExit waitingForProcessToExit, System.String errorMsg) [0x00033] in <2a152c15da574a70b6653d9f1dbcd106>:0 
  at UnityEditor.Android.Command.Run (System.Diagnostics.ProcessStartInfo psi, UnityEditor.Android.Command+WaitingForProcessToExit waitingForProcessToExit, System.String errorMsg) [0x0002d] in <2a152c15da574a70b6653d9f1dbcd106>:0 
  at UnityEditor.Android.Command.Run (System.String command, System.String args, System.String workingdir, UnityEditor.Android.Command+WaitingForProcessToExit waitingForProcessToExit, System.String errorMsg) [0x0000a] in <2a152c15da574a70b6653d9f1dbcd106>:0 
  at UnityEditor.Android.ADB.RunInternal (System.String[] command, UnityEditor.Android.Command+WaitingForProcessToExit waitingForProcessToExit, System.String errorMsg) [0x0001e] in <2a152c15da574a70b6653d9f1dbcd106>:0 
  at UnityEditor.Android.ADB.Run (System.String[] command, UnityEditor.Android.Command+WaitingForProcessToExit waitingForProcessToExit, System.String errorMsg) [0x00013] in <2a152c15da574a70b6653d9f1dbcd106>:0 
  at UnityEditor.Android.AndroidDeploymentTargetsExtension.GetKnownTargets (UnityEditor.DeploymentTargets.IDeploymentTargetsMainThreadContext context, UnityEditor.ProgressHandler progressHandler) [0x00284] in <2a152c15da574a70b6653d9f1dbcd106>:0 
UnityEngine.StackTraceUtility:ExtractStackTrace () (at /Users/bokken/build/output/unity/unity/Runtime/Export/Scripting/StackTrace.cs:37)
UnityEngine.DebugLogHandler:LogFormat (UnityEngine.LogType,UnityEngine.Object,string,object[])
UnityEngine.Logger:Log (UnityEngine.LogType,object)
UnityEngine.Debug:LogWarning (object)
UnityEditor.Android.AndroidDeploymentTargetsExtension:GetKnownTargets (UnityEditor.DeploymentTargets.IDeploymentTargetsMainThreadContext,UnityEditor.ProgressHandler)
UnityEditor.Android.TargetScanWorker:ScanSync ()
UnityEditor.Android.TargetExtension:OnUsbDevicesChanged (UnityEditor.Hardware.UsbDevice[])
UnityEditor.Android.TargetExtension:OnLoad ()
UnityEditor.Modules.ModuleManager:InitializePlatformSupportModules () (at /Users/bokken/build/output/unity/unity/Editor/Mono/Modules/ModuleManager.cs:147)

(Filename: /Users/bokken/build/output/unity/unity/Editor/Mono/Modules/ModuleManager.cs Line: 147)

Android Extension - Scanning For ADB Devices 1007 ms
Native extension for OSXStandalone target not found
Mono: successfully reloaded assembly
- Finished resetting the current domain, in  1.461 seconds
Domain Reload Profiling: 1951ms
	BeginReloadAssembly (136ms)
		ExecutionOrderSort (0ms)
		DisableScriptedObjects (0ms)
		BackupInstance (0ms)
		ReleaseScriptingObjects (0ms)
		CreateAndSetChildDomain (1ms)
	RebuildCommonClasses (45ms)
	RebuildNativeTypeToScriptingClass (14ms)
	initialDomainReloadingComplete (67ms)
	LoadAllAssembliesAndSetupDomain (227ms)
		LoadAssemblies (138ms)
		RebuildTransferFunctionScriptingTraits (0ms)
		AnalyzeDomain (220ms)
			TypeCache.Refresh (219ms)
				TypeCache.ScanAssembly (195ms)
			ScanForSourceGeneratedMonoScriptInfo (1ms)
			ResolveRequiredComponents (1ms)
	FinalizeReload (1462ms)
		ReleaseScriptCaches (0ms)
		RebuildScriptCaches (0ms)
		SetupLoadedEditorAssemblies (1384ms)
			LogAssemblyErrors (0ms)
			InitializePlatformSupportModulesInManaged (1261ms)
			SetLoadedEditorAssemblies (4ms)
			RefreshPlugins (0ms)
			BeforeProcessingInitializeOnLoad (2ms)
			ProcessInitializeOnLoadAttributes (81ms)
			ProcessInitializeOnLoadMethodAttributes (37ms)
			AfterProcessingInitializeOnLoad (0ms)
			EditorAssembliesLoaded (0ms)
		ExecutionOrderSort2 (0ms)
		AwakeInstancesAfterBackupRestoration (0ms)
========================================================================
Worker process is ready to serve import requests
Begin MonoManager ReloadAssembly
- Loaded All Assemblies, in  0.954 seconds
Refreshing native plugins compatible for Editor in 1.78 ms, found 2 plugins.
Native extension for WindowsStandalone target not found
Native extension for iOS target not found
Native extension for Android target not found
Native extension for OSXStandalone target not found
Package Manager log level set to [2]
[Package Manager] Server::EnsureServerProcessIsRunning -- launch failed, reason: Unity was launched with the -noUpm command-line argument
[Package Manager] UpmClient::Send -- Unable to send message (not connected to UPM process).
[Package Manager] Cannot connect to Unity Package Manager local server
Mono: successfully reloaded assembly
- Finished resetting the current domain, in  1.137 seconds
Domain Reload Profiling: 2092ms
	BeginReloadAssembly (127ms)
		ExecutionOrderSort (0ms)
		DisableScriptedObjects (4ms)
		BackupInstance (0ms)
		ReleaseScriptingObjects (0ms)
		CreateAndSetChildDomain (33ms)
	RebuildCommonClasses (41ms)
	RebuildNativeTypeToScriptingClass (16ms)
	initialDomainReloadingComplete (45ms)
	LoadAllAssembliesAndSetupDomain (725ms)
		LoadAssemblies (351ms)
		RebuildTransferFunctionScriptingTraits (0ms)
		AnalyzeDomain (427ms)
			TypeCache.Refresh (408ms)
				TypeCache.ScanAssembly (372ms)
			ScanForSourceGeneratedMonoScriptInfo (13ms)
			ResolveRequiredComponents (5ms)
	FinalizeReload (1138ms)
		ReleaseScriptCaches (0ms)
		RebuildScriptCaches (0ms)
		SetupLoadedEditorAssemblies (894ms)
			LogAssemblyErrors (0ms)
			InitializePlatformSupportModulesInManaged (44ms)
			SetLoadedEditorAssemblies (9ms)
			RefreshPlugins (0ms)
			BeforeProcessingInitializeOnLoad (80ms)
			ProcessInitializeOnLoadAttributes (703ms)
			ProcessInitializeOnLoadMethodAttributes (54ms)
			AfterProcessingInitializeOnLoad (2ms)
			EditorAssembliesLoaded (0ms)
		ExecutionOrderSort2 (0ms)
		AwakeInstancesAfterBackupRestoration (8ms)
Launching external process: /Users/hirosesoma/Downloads/100program_unity/2022.3.8f1/Unity.app/Contents/Tools/UnityShaderCompiler
Launched and connected shader compiler UnityShaderCompiler after 0.18 seconds
Refreshing native plugins compatible for Editor in 2.22 ms, found 2 plugins.
Preloading 0 native plugins for Editor in 0.00 ms.
Unloading 3070 Unused Serialized files (Serialized files now loaded: 0)
Unloading 31 unused Assets / (50.6 KB). Loaded Objects now: 3535.
Memory consumption went from 126.3 MB to 126.3 MB.
Total: 7.893875 ms (FindLiveObjects: 0.212416 ms CreateObjectMapping: 0.102750 ms MarkObjects: 7.324791 ms  DeleteObjects: 0.249917 ms)

AssetImportParameters requested are different than current active one (requested -> active):
  custom:container-demuxer-ogg: 62fdf1f143b41e24485cea50d1cbac27 -> 
  custom:video-decoder-ogg-theora: a1e56fd34408186e4bbccfd4996cb3dc -> 
  custom:CustomObjectIndexerAttribute: 756ad292c208cfabdd7b50bc23989ffe -> 
  custom:container-demuxer-webm: 4f35f7cbe854078d1ac9338744f61a02 -> 
  custom:container-muxer-webm: aa71ff27fc2769a1b78a27578f13a17b -> 
  custom:video-decoder-webm-vp8: 9c59270c3fd7afecdb556c50c9e8de78 -> 
  custom:SearchIndexIgnoredProperties: e643bd26f0fe6173181afceb89e7c659 -> 
  custom:AudioImporter_EditorPlatform: 3918e3fc78b5a79bad01e8451be0beb8 -> 
  custom:framework-osx-AVFoundation: e770b220cccbd017edd2c1fefb359320 -> 
  custom:video-encoder-webm-vp8: eb34c28f22e8b96e1ab97ce403110664 -> 
  custom:audio-decoder-ogg-vorbis: bf7c407c2cedff20999df2af8eb42d56 -> 
  custom:audio-encoder-webm-vorbis: bf7c407c2cedff20999df2af8eb42d56 -> 
========================================================================
Received Import Request.
  Time since last request: 416222.557775 seconds.
  path: 
  artifactKey: Guid(ad47276880d9a455ba5506ef88b08b38) Importer(815301076,1909f56bfc062723c751e8b465ee728b)
Start importing  using Guid(ad47276880d9a455ba5506ef88b08b38) Importer(815301076,1909f56bfc062723c751e8b465ee728b)  -> (artifact id: '00000000000000000000000000000000') in 0.000054 seconds
Import Error Code:(3)
Message: Unknown asset with GUID 'ad47276880d9a455ba5506ef88b08b38'
  ERROR: Unknown asset with GUID 'ad47276880d9a455ba5506ef88b08b38'
Number of updated asset objects reloaded before import = 0
Number of asset objects unloaded after import = 0
========================================================================
Received Import Request.
  Time since last request: 0.036268 seconds.
  path: 
  artifactKey: Guid(ad47276880d9a455ba5506ef88b08b38) Importer(815301076,1909f56bfc062723c751e8b465ee728b)
Start importing  using Guid(ad47276880d9a455ba5506ef88b08b38) Importer(815301076,1909f56bfc062723c751e8b465ee728b)  -> (artifact id: '00000000000000000000000000000000') in 0.000037 seconds
Import Error Code:(3)
Message: Unknown asset with GUID 'ad47276880d9a455ba5506ef88b08b38'
  ERROR: Unknown asset with GUID 'ad47276880d9a455ba5506ef88b08b38'
Number of updated asset objects reloaded before import = 0
Number of asset objects unloaded after import = 0
